[debug] [2025-03-05T23:46:42.250Z] ----------------------------------------------------------------------
[debug] [2025-03-05T23:46:42.253Z] Command:       C:\nvm4w\nodejs\node.exe C:\Users\markg\AppData\Roaming\npm\node_modules\firebase-tools\lib\bin\firebase.js init
[debug] [2025-03-05T23:46:42.253Z] CLI Version:   13.32.0
[debug] [2025-03-05T23:46:42.253Z] Platform:      win32
[debug] [2025-03-05T23:46:42.253Z] Node Version:  v20.18.2
[debug] [2025-03-05T23:46:42.253Z] Time:          Wed Mar 05 2025 23:46:42 GMT+0000 (Greenwich Mean Time)
[debug] [2025-03-05T23:46:42.253Z] ----------------------------------------------------------------------
[debug] 
[debug] [2025-03-05T23:46:42.256Z] >>> [apiv2][query] GET https://firebase-public.firebaseio.com/cli.json [none]
[debug] [2025-03-05T23:46:42.296Z] > command requires scopes: ["email","openid","https://www.googleapis.com/auth/cloudplatformprojects.readonly","https://www.googleapis.com/auth/firebase","https://www.googleapis.com/auth/cloud-platform"]
[debug] [2025-03-05T23:46:42.297Z] > authorizing via signed-in user (markgraham924@gmail.com)
[info] 
     ######## #### ########  ######## ########     ###     ######  ########
     ##        ##  ##     ## ##       ##     ##  ##   ##  ##       ##
     ######    ##  ########  ######   ########  #########  ######  ######
     ##        ##  ##    ##  ##       ##     ## ##     ##       ## ##
     ##       #### ##     ## ######## ########  ##     ##  ######  ########

You're about to initialize a Firebase project in this directory:

  C:\Users\markg\OneDrive\Documents\Development\football-shirt\football-shirt

[debug] [2025-03-05T23:46:42.560Z] <<< [apiv2][status] GET https://firebase-public.firebaseio.com/cli.json 200
[debug] [2025-03-05T23:46:42.560Z] <<< [apiv2][body] GET https://firebase-public.firebaseio.com/cli.json {"cloudBuildErrorAfter":1594252800000,"cloudBuildWarnAfter":1590019200000,"defaultNode10After":1594252800000,"minVersion":"3.0.5","node8DeploysDisabledAfter":1613390400000,"node8RuntimeDisabledAfter":1615809600000,"node8WarnAfter":1600128000000}
[info] 
=== Project Setup
[info] 
[info] First, let's associate this project directory with a Firebase project.
[info] You can create multiple project aliases by running firebase use --add, 
[info] but for now we'll just set up a default project.
[info] 
[debug] [2025-03-05T23:47:27.495Z] Checked if tokens are valid: false, expires at: 1733504524612
[debug] [2025-03-05T23:47:27.496Z] Checked if tokens are valid: false, expires at: 1733504524612
[debug] [2025-03-05T23:47:27.496Z] > refreshing access token with scopes: []
[debug] [2025-03-05T23:47:27.496Z] >>> [apiv2][query] POST https://www.googleapis.com/oauth2/v3/token [none]
[debug] [2025-03-05T23:47:27.497Z] >>> [apiv2][body] POST https://www.googleapis.com/oauth2/v3/token [omitted]
[debug] [2025-03-05T23:47:27.582Z] <<< [apiv2][status] POST https://www.googleapis.com/oauth2/v3/token 200
[debug] [2025-03-05T23:47:27.582Z] <<< [apiv2][body] POST https://www.googleapis.com/oauth2/v3/token [omitted]
[debug] [2025-03-05T23:47:27.597Z] >>> [apiv2][query] GET https://firebase.googleapis.com/v1beta1/projects pageSize=100
[debug] [2025-03-05T23:47:27.986Z] <<< [apiv2][status] GET https://firebase.googleapis.com/v1beta1/projects 200
[debug] [2025-03-05T23:47:27.986Z] <<< [apiv2][body] GET https://firebase.googleapis.com/v1beta1/projects [omitted]
[info] i  Using project football-shirt-e507c (football-shirt) 
[info] 
=== Firestore Setup
[debug] [2025-03-05T23:47:30.803Z] Checked if tokens are valid: true, expires at: 1741222046582
[debug] [2025-03-05T23:47:30.803Z] Checked if tokens are valid: true, expires at: 1741222046582
[debug] [2025-03-05T23:47:30.804Z] >>> [apiv2][query] GET https://serviceusage.googleapis.com/v1/projects/football-shirt-e507c/services/firestore.googleapis.com [none]
[debug] [2025-03-05T23:47:30.804Z] >>> [apiv2][(partial)header] GET https://serviceusage.googleapis.com/v1/projects/football-shirt-e507c/services/firestore.googleapis.com x-goog-quota-user=projects/football-shirt-e507c
[debug] [2025-03-05T23:47:31.600Z] <<< [apiv2][status] GET https://serviceusage.googleapis.com/v1/projects/football-shirt-e507c/services/firestore.googleapis.com 200
[debug] [2025-03-05T23:47:31.601Z] <<< [apiv2][body] GET https://serviceusage.googleapis.com/v1/projects/football-shirt-e507c/services/firestore.googleapis.com [omitted]
[debug] [2025-03-05T23:47:31.601Z] Checked if tokens are valid: true, expires at: 1741222046582
[debug] [2025-03-05T23:47:31.601Z] Checked if tokens are valid: true, expires at: 1741222046582
[debug] [2025-03-05T23:47:31.601Z] >>> [apiv2][query] GET https://firestore.googleapis.com/v1/projects/football-shirt-e507c/databases/(default) [none]
[debug] [2025-03-05T23:47:31.739Z] <<< [apiv2][status] GET https://firestore.googleapis.com/v1/projects/football-shirt-e507c/databases/(default) 200
[debug] [2025-03-05T23:47:31.739Z] <<< [apiv2][body] GET https://firestore.googleapis.com/v1/projects/football-shirt-e507c/databases/(default) {"name":"projects/football-shirt-e507c/databases/(default)","uid":"d54f8fb3-d528-452c-afc1-ab1005d2ef71","createTime":"2025-03-05T22:47:37.256180Z","updateTime":"2025-03-05T22:47:37.256180Z","locationId":"eur3","type":"FIRESTORE_NATIVE","concurrencyMode":"PESSIMISTIC","versionRetentionPeriod":"3600s","earliestVersionTime":"2025-03-05T22:47:37.256180Z","appEngineIntegrationMode":"DISABLED","keyPrefix":"e","pointInTimeRecoveryEnablement":"POINT_IN_TIME_RECOVERY_DISABLED","deleteProtectionState":"DELETE_PROTECTION_DISABLED","databaseEdition":"STANDARD","etag":"II7nsJqQ9IsDMMvD/O+C9IsD"}
[debug] [2025-03-05T23:47:31.739Z] database_type: FIRESTORE_NATIVE
[debug] [2025-03-05T23:47:31.739Z] database_type: FIRESTORE_NATIVE
[debug] [2025-03-05T23:47:31.739Z] > command requires scopes: ["email","openid","https://www.googleapis.com/auth/cloudplatformprojects.readonly","https://www.googleapis.com/auth/firebase","https://www.googleapis.com/auth/cloud-platform"]
[debug] [2025-03-05T23:47:31.739Z] > authorizing via signed-in user (markgraham924@gmail.com)
[debug] [2025-03-05T23:47:31.739Z] [iam] checking project football-shirt-e507c for permissions ["firebase.projects.get"]
[debug] [2025-03-05T23:47:31.740Z] Checked if tokens are valid: true, expires at: 1741222046582
[debug] [2025-03-05T23:47:31.740Z] Checked if tokens are valid: true, expires at: 1741222046582
[debug] [2025-03-05T23:47:31.740Z] >>> [apiv2][query] POST https://cloudresourcemanager.googleapis.com/v1/projects/football-shirt-e507c:testIamPermissions [none]
[debug] [2025-03-05T23:47:31.740Z] >>> [apiv2][(partial)header] POST https://cloudresourcemanager.googleapis.com/v1/projects/football-shirt-e507c:testIamPermissions x-goog-quota-user=projects/football-shirt-e507c
[debug] [2025-03-05T23:47:31.740Z] >>> [apiv2][body] POST https://cloudresourcemanager.googleapis.com/v1/projects/football-shirt-e507c:testIamPermissions {"permissions":["firebase.projects.get"]}
[debug] [2025-03-05T23:47:32.354Z] <<< [apiv2][status] POST https://cloudresourcemanager.googleapis.com/v1/projects/football-shirt-e507c:testIamPermissions 200
[debug] [2025-03-05T23:47:32.354Z] <<< [apiv2][body] POST https://cloudresourcemanager.googleapis.com/v1/projects/football-shirt-e507c:testIamPermissions {"permissions":["firebase.projects.get"]}
[info] 
[info] Firestore Security Rules allow you to define how and when to allow
[info] requests. You can keep these rules in your project directory
[info] and publish them with firebase deploy.
[info] 
[debug] [2025-03-05T23:47:35.401Z] Checked if tokens are valid: true, expires at: 1741222046582
[debug] [2025-03-05T23:47:35.401Z] Checked if tokens are valid: true, expires at: 1741222046582
[debug] [2025-03-05T23:47:35.401Z] >>> [apiv2][query] GET https://firebaserules.googleapis.com/v1/projects/football-shirt-e507c/releases pageSize=10&pageToken=
[debug] [2025-03-05T23:47:36.108Z] <<< [apiv2][status] GET https://firebaserules.googleapis.com/v1/projects/football-shirt-e507c/releases 200
[debug] [2025-03-05T23:47:36.109Z] <<< [apiv2][body] GET https://firebaserules.googleapis.com/v1/projects/football-shirt-e507c/releases {"releases":[{"name":"projects/football-shirt-e507c/releases/cloud.firestore","rulesetName":"projects/football-shirt-e507c/rulesets/7a32a44f-8138-4770-99f7-6a7af2e01fe0","createTime":"2025-03-05T22:47:42.385142Z","updateTime":"2025-03-05T22:47:42.385142Z"},{"name":"projects/football-shirt-e507c/releases/firebase.storage/football-shirt-e507c.firebasestorage.app","rulesetName":"projects/football-shirt-e507c/rulesets/3edb8fe0-bd72-4b9c-863e-9ef8fd2519a4","createTime":"2025-03-05T22:52:28.836096Z","updateTime":"2025-03-05T22:52:28.836096Z"}]}
[debug] [2025-03-05T23:47:36.109Z] Found ruleset: projects/football-shirt-e507c/rulesets/7a32a44f-8138-4770-99f7-6a7af2e01fe0
[debug] [2025-03-05T23:47:36.109Z] Checked if tokens are valid: true, expires at: 1741222046582
[debug] [2025-03-05T23:47:36.109Z] Checked if tokens are valid: true, expires at: 1741222046582
[debug] [2025-03-05T23:47:36.109Z] >>> [apiv2][query] GET https://firebaserules.googleapis.com/v1/projects/football-shirt-e507c/rulesets/7a32a44f-8138-4770-99f7-6a7af2e01fe0 [none]
[debug] [2025-03-05T23:47:36.387Z] <<< [apiv2][status] GET https://firebaserules.googleapis.com/v1/projects/football-shirt-e507c/rulesets/7a32a44f-8138-4770-99f7-6a7af2e01fe0 200
[debug] [2025-03-05T23:47:36.388Z] <<< [apiv2][body] GET https://firebaserules.googleapis.com/v1/projects/football-shirt-e507c/rulesets/7a32a44f-8138-4770-99f7-6a7af2e01fe0 [omitted]
[info] 
[info] Firestore indexes allow you to perform complex queries while
[info] maintaining performance that scales with the size of the result
[info] set. You can keep index definitions in your project directory
[info] and publish them with firebase deploy.
[info] 
[debug] [2025-03-05T23:47:39.367Z] Checked if tokens are valid: true, expires at: 1741222046582
[debug] [2025-03-05T23:47:39.367Z] Checked if tokens are valid: true, expires at: 1741222046582
[debug] [2025-03-05T23:47:39.367Z] Checked if tokens are valid: true, expires at: 1741222046582
[debug] [2025-03-05T23:47:39.367Z] Checked if tokens are valid: true, expires at: 1741222046582
[debug] [2025-03-05T23:47:39.367Z] >>> [apiv2][query] GET https://firestore.googleapis.com/v1/projects/football-shirt-e507c/databases/(default)/collectionGroups/-/indexes [none]
[debug] [2025-03-05T23:47:39.369Z] >>> [apiv2][query] GET https://firestore.googleapis.com/v1/projects/football-shirt-e507c/databases/(default)/collectionGroups/-/fields?filter=indexConfig.usesAncestorConfig=false OR ttlConfig:* [none]
[debug] [2025-03-05T23:47:39.470Z] <<< [apiv2][status] GET https://firestore.googleapis.com/v1/projects/football-shirt-e507c/databases/(default)/collectionGroups/-/fields?filter=indexConfig.usesAncestorConfig=false OR ttlConfig:* 200
[debug] [2025-03-05T23:47:39.470Z] <<< [apiv2][body] GET https://firestore.googleapis.com/v1/projects/football-shirt-e507c/databases/(default)/collectionGroups/-/fields?filter=indexConfig.usesAncestorConfig=false OR ttlConfig:* {"fields":[{"name":"projects/football-shirt-e507c/databases/(default)/collectionGroups/__default__/fields/*","indexConfig":{"indexes":[{"queryScope":"COLLECTION","fields":[{"fieldPath":"*","order":"ASCENDING"}],"state":"READY"},{"queryScope":"COLLECTION","fields":[{"fieldPath":"*","order":"DESCENDING"}],"state":"READY"},{"queryScope":"COLLECTION","fields":[{"fieldPath":"*","arrayConfig":"CONTAINS"}],"state":"READY"}]}}]}
[debug] [2025-03-05T23:47:39.471Z] <<< [apiv2][status] GET https://firestore.googleapis.com/v1/projects/football-shirt-e507c/databases/(default)/collectionGroups/-/indexes 200
[debug] [2025-03-05T23:47:39.471Z] <<< [apiv2][body] GET https://firestore.googleapis.com/v1/projects/football-shirt-e507c/databases/(default)/collectionGroups/-/indexes {"indexes":[{"name":"projects/football-shirt-e507c/databases/(default)/collectionGroups/shirts/indexes/CICAgOjXh4EK","queryScope":"COLLECTION","fields":[{"fieldPath":"userId","order":"ASCENDING"},{"fieldPath":"createdAt","order":"DESCENDING"},{"fieldPath":"__name__","order":"DESCENDING"}],"state":"READY","density":"SPARSE_ALL"}]}
[info] 
=== Hosting Setup
[debug] [2025-03-05T23:47:39.473Z] Checked if tokens are valid: true, expires at: 1741222046582
[debug] [2025-03-05T23:47:39.473Z] Checked if tokens are valid: true, expires at: 1741222046582
[debug] [2025-03-05T23:47:39.473Z] >>> [apiv2][query] GET https://firebase.googleapis.com/v1beta1/projects/football-shirt-e507c [none]
[debug] [2025-03-05T23:47:39.670Z] <<< [apiv2][status] GET https://firebase.googleapis.com/v1beta1/projects/football-shirt-e507c 200
[debug] [2025-03-05T23:47:39.670Z] <<< [apiv2][body] GET https://firebase.googleapis.com/v1beta1/projects/football-shirt-e507c {"projectId":"football-shirt-e507c","projectNumber":"906665091410","displayName":"football-shirt","name":"projects/football-shirt-e507c","resources":{"hostingSite":"football-shirt-e507c"},"state":"ACTIVE","etag":"1_e5af8faa-f5e1-42f3-a151-469997a02a45"}
[info] 
[info] Your public directory is the folder (relative to your project directory) that
[info] will contain Hosting assets to be uploaded with firebase deploy. If you
[info] have a build process for your assets, use your build's output directory.
[info] 
[info] +  Wrote public/404.html 
[debug] [2025-03-05T23:47:59.176Z] >>> [apiv2][query] GET https://www.gstatic.com/firebasejs/releases.json [none]
[debug] [2025-03-05T23:47:59.232Z] <<< [apiv2][status] GET https://www.gstatic.com/firebasejs/releases.json 200
[debug] [2025-03-05T23:47:59.232Z] <<< [apiv2][body] GET https://www.gstatic.com/firebasejs/releases.json {"current":{"version":"11.4.0","browserURL":"https://www.gstatic.com/firebasejs/11.4.0/firebase.js","packageURL":"https://www.gstatic.com/firebasejs/11.4.0/firebase.tgz"},"live":{"version":"11.4","browserURL":"https://www.gstatic.com/firebasejs/live/11.4/firebase.js","packageURL":"https://www.gstatic.com/firebasejs/live/11.4/firebase.tgz"},"components":{"analytics":"https://www.gstatic.com/firebasejs/11.4.0/firebase-analytics.js","app":"https://www.gstatic.com/firebasejs/11.4.0/firebase-app.js","app-check":"https://www.gstatic.com/firebasejs/11.4.0/firebase-app-check.js","auth":"https://www.gstatic.com/firebasejs/11.4.0/firebase-auth.js","auth/cordova":"https://www.gstatic.com/firebasejs/11.4.0/firebase-auth/cordova.js","auth/web-extension":"https://www.gstatic.com/firebasejs/11.4.0/firebase-auth/web-extension.js","functions":"https://www.gstatic.com/firebasejs/11.4.0/firebase-functions.js","firestore":"https://www.gstatic.com/firebasejs/11.4.0/firebase-firestore.js","firestore/lite":"https://www.gstatic.com/firebasejs/11.4.0/firebase-firestore/lite.js","installations":"https://www.gstatic.com/firebasejs/11.4.0/firebase-installations.js","storage":"https://www.gstatic.com/firebasejs/11.4.0/firebase-storage.js","performance":"https://www.gstatic.com/firebasejs/11.4.0/firebase-performance.js","remote-config":"https://www.gstatic.com/firebasejs/11.4.0/firebase-remote-config.js","messaging":"https://www.gstatic.com/firebasejs/11.4.0/firebase-messaging.js","messaging/sw":"https://www.gstatic.com/firebasejs/11.4.0/firebase-messaging/sw.js","database":"https://www.gstatic.com/firebasejs/11.4.0/firebase-database.js","vertexai":"https://www.gstatic.com/firebasejs/11.4.0/firebase-vertexai.js","data-connect":"https://www.gstatic.com/firebasejs/11.4.0/firebase-data-connect.js","firestore.memory":"https://www.gstatic.com/firebasejs/11.4.0/firebase-firestore.memory.js"}}
[info] +  Wrote public/index.html 
[info] 
[info] i  Detected a .git folder at C:\Users\markg\OneDrive\Documents\Development\football-shirt 
[info] i  Authorizing with GitHub to upload your service account to a GitHub repository's secrets store. 
[info] 
[info] Visit this URL on this device to log in:
[info] https://github.com/login/oauth/authorize?client_id=89cf50f02ac6aaed3484&state=123746358&redirect_uri=http%3A%2F%2Flocalhost%3A9005&scope=read%3Auser%20repo%20public_repo
[info] 
[info] Waiting for authentication...
[debug] [2025-03-05T23:48:12.593Z] >>> [apiv2][query] POST https://github.com/login/oauth/access_token [none]
[debug] [2025-03-05T23:48:12.593Z] >>> [apiv2][body] POST https://github.com/login/oauth/access_token [stream]
[debug] [2025-03-05T23:48:12.788Z] <<< [apiv2][status] POST https://github.com/login/oauth/access_token 200
[debug] [2025-03-05T23:48:12.788Z] <<< [apiv2][body] POST https://github.com/login/oauth/access_token {"access_token":"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","token_type":"bearer","scope":"read:user,repo"}
[debug] [2025-03-05T23:48:12.791Z] >>> [apiv2][query] GET https://api.github.com/user [none]
[debug] [2025-03-05T23:48:13.091Z] <<< [apiv2][status] GET https://api.github.com/user 200
[debug] [2025-03-05T23:48:13.091Z] <<< [apiv2][body] GET https://api.github.com/user {"login":"markgraham924","id":50046031,"node_id":"MDQ6VXNlcjUwMDQ2MDMx","avatar_url":"https://avatars.githubusercontent.com/u/50046031?v=4","gravatar_id":"","url":"https://api.github.com/users/markgraham924","html_url":"https://github.com/markgraham924","followers_url":"https://api.github.com/users/markgraham924/followers","following_url":"https://api.github.com/users/markgraham924/following{/other_user}","gists_url":"https://api.github.com/users/markgraham924/gists{/gist_id}","starred_url":"https://api.github.com/users/markgraham924/starred{/owner}{/repo}","subscriptions_url":"https://api.github.com/users/markgraham924/subscriptions","organizations_url":"https://api.github.com/users/markgraham924/orgs","repos_url":"https://api.github.com/users/markgraham924/repos","events_url":"https://api.github.com/users/markgraham924/events{/privacy}","received_events_url":"https://api.github.com/users/markgraham924/received_events","type":"User","user_view_type":"private","site_admin":false,"name":"Mark Graham","company":null,"blog":"","location":"Altrincham","email":null,"hireable":null,"bio":"AI & Data Science Student at MMU\r\nWorking on personal & uni projects, whilst also created useful tools for use at M&S","twitter_username":null,"notification_email":null,"public_repos":23,"public_gists":0,"followers":0,"following":0,"created_at":"2019-04-27T10:37:18Z","updated_at":"2025-02-28T13:41:22Z","private_gists":0,"total_private_repos":21,"owned_private_repos":21,"disk_usage":104749,"collaborators":2,"two_factor_authentication":true,"plan":{"name":"pro","space":976562499,"collaborators":0,"private_repos":9999}}
[info] 
[info] +  Success! Logged into GitHub as markgraham924 
[info] 
